[2024-11-08 21:37:45] local.ERROR: Class "PDO" not found {"exception":"[object] (Error(code: 0): Class \"PDO\" not found at /home/andersonarenas/Documentos/UAM/Ing Software 2/FacturaYa/vendor/laravel/framework/src/Illuminate/Database/Connection.php:118)
[stacktrace]
#0 /home/andersonarenas/Documentos/UAM/Ing Software 2/FacturaYa/vendor/laravel/framework/src/Illuminate/Database/Connection.php(1679): [constant expression]()
#1 /home/andersonarenas/Documentos/UAM/Ing Software 2/FacturaYa/vendor/laravel/framework/src/Illuminate/Database/Connectors/ConnectionFactory.php(269): Illuminate\\Database\\Connection::getResolver()
#2 /home/andersonarenas/Documentos/UAM/Ing Software 2/FacturaYa/vendor/laravel/framework/src/Illuminate/Database/Connectors/ConnectionFactory.php(76): Illuminate\\Database\\Connectors\\ConnectionFactory->createConnection()
#3 /home/andersonarenas/Documentos/UAM/Ing Software 2/FacturaYa/vendor/laravel/framework/src/Illuminate/Database/Connectors/ConnectionFactory.php(51): Illuminate\\Database\\Connectors\\ConnectionFactory->createSingleConnection()
#4 /home/andersonarenas/Documentos/UAM/Ing Software 2/FacturaYa/vendor/laravel/framework/src/Illuminate/Database/DatabaseManager.php(167): Illuminate\\Database\\Connectors\\ConnectionFactory->make()
#5 /home/andersonarenas/Documentos/UAM/Ing Software 2/FacturaYa/vendor/laravel/framework/src/Illuminate/Database/DatabaseManager.php(93): Illuminate\\Database\\DatabaseManager->makeConnection()
#6 /home/andersonarenas/Documentos/UAM/Ing Software 2/FacturaYa/vendor/laravel/framework/src/Illuminate/Session/SessionManager.php(108): Illuminate\\Database\\DatabaseManager->connection()
#7 /home/andersonarenas/Documentos/UAM/Ing Software 2/FacturaYa/vendor/laravel/framework/src/Illuminate/Session/SessionManager.php(95): Illuminate\\Session\\SessionManager->getDatabaseConnection()
#8 /home/andersonarenas/Documentos/UAM/Ing Software 2/FacturaYa/vendor/laravel/framework/src/Illuminate/Support/Manager.php(106): Illuminate\\Session\\SessionManager->createDatabaseDriver()
#9 /home/andersonarenas/Documentos/UAM/Ing Software 2/FacturaYa/vendor/laravel/framework/src/Illuminate/Support/Manager.php(80): Illuminate\\Support\\Manager->createDriver()
#10 /home/andersonarenas/Documentos/UAM/Ing Software 2/FacturaYa/vendor/laravel/framework/src/Illuminate/Session/Middleware/StartSession.php(159): Illuminate\\Support\\Manager->driver()
#11 /home/andersonarenas/Documentos/UAM/Ing Software 2/FacturaYa/vendor/laravel/framework/src/Illuminate/Session/Middleware/StartSession.php(57): Illuminate\\Session\\Middleware\\StartSession->getSession()
#12 /home/andersonarenas/Documentos/UAM/Ing Software 2/FacturaYa/vendor/laravel/framework/src/Illuminate/Pipeline/Pipeline.php(183): Illuminate\\Session\\Middleware\\StartSession->handle()
#13 /home/andersonarenas/Documentos/UAM/Ing Software 2/FacturaYa/vendor/laravel/framework/src/Illuminate/Cookie/Middleware/AddQueuedCookiesToResponse.php(37): Illuminate\\Pipeline\\Pipeline->Illuminate\\Pipeline\\{closure}()
#14 /home/andersonarenas/Documentos/UAM/Ing Software 2/FacturaYa/vendor/laravel/framework/src/Illuminate/Pipeline/Pipeline.php(183): Illuminate\\Cookie\\Middleware\\AddQueuedCookiesToResponse->handle()
#15 /home/andersonarenas/Documentos/UAM/Ing Software 2/FacturaYa/vendor/laravel/framework/src/Illuminate/Cookie/Middleware/EncryptCookies.php(75): Illuminate\\Pipeline\\Pipeline->Illuminate\\Pipeline\\{closure}()
#16 /home/andersonarenas/Documentos/UAM/Ing Software 2/FacturaYa/vendor/laravel/framework/src/Illuminate/Pipeline/Pipeline.php(183): Illuminate\\Cookie\\Middleware\\EncryptCookies->handle()
#17 /home/andersonarenas/Documentos/UAM/Ing Software 2/FacturaYa/vendor/laravel/framework/src/Illuminate/Pipeline/Pipeline.php(119): Illuminate\\Pipeline\\Pipeline->Illuminate\\Pipeline\\{closure}()
#18 /home/andersonarenas/Documentos/UAM/Ing Software 2/FacturaYa/vendor/laravel/framework/src/Illuminate/Routing/Router.php(807): Illuminate\\Pipeline\\Pipeline->then()
#19 /home/andersonarenas/Documentos/UAM/Ing Software 2/FacturaYa/vendor/laravel/framework/src/Illuminate/Routing/Router.php(786): Illuminate\\Routing\\Router->runRouteWithinStack()
#20 /home/andersonarenas/Documentos/UAM/Ing Software 2/FacturaYa/vendor/laravel/framework/src/Illuminate/Routing/Router.php(750): Illuminate\\Routing\\Router->runRoute()
#21 /home/andersonarenas/Documentos/UAM/Ing Software 2/FacturaYa/vendor/laravel/framework/src/Illuminate/Routing/Router.php(739): Illuminate\\Routing\\Router->dispatchToRoute()
#22 /home/andersonarenas/Documentos/UAM/Ing Software 2/FacturaYa/vendor/laravel/framework/src/Illuminate/Foundation/Http/Kernel.php(201): Illuminate\\Routing\\Router->dispatch()
#23 /home/andersonarenas/Documentos/UAM/Ing Software 2/FacturaYa/vendor/laravel/framework/src/Illuminate/Pipeline/Pipeline.php(144): Illuminate\\Foundation\\Http\\Kernel->Illuminate\\Foundation\\Http\\{closure}()
#24 /home/andersonarenas/Documentos/UAM/Ing Software 2/FacturaYa/vendor/laravel/framework/src/Illuminate/Foundation/Http/Middleware/TransformsRequest.php(21): Illuminate\\Pipeline\\Pipeline->Illuminate\\Pipeline\\{closure}()
#25 /home/andersonarenas/Documentos/UAM/Ing Software 2/FacturaYa/vendor/laravel/framework/src/Illuminate/Foundation/Http/Middleware/ConvertEmptyStringsToNull.php(31): Illuminate\\Foundation\\Http\\Middleware\\TransformsRequest->handle()
#26 /home/andersonarenas/Documentos/UAM/Ing Software 2/FacturaYa/vendor/laravel/framework/src/Illuminate/Pipeline/Pipeline.php(183): Illuminate\\Foundation\\Http\\Middleware\\ConvertEmptyStringsToNull->handle()
#27 /home/andersonarenas/Documentos/UAM/Ing Software 2/FacturaYa/vendor/laravel/framework/src/Illuminate/Foundation/Http/Middleware/TransformsRequest.php(21): Illuminate\\Pipeline\\Pipeline->Illuminate\\Pipeline\\{closure}()
#28 /home/andersonarenas/Documentos/UAM/Ing Software 2/FacturaYa/vendor/laravel/framework/src/Illuminate/Foundation/Http/Middleware/TrimStrings.php(51): Illuminate\\Foundation\\Http\\Middleware\\TransformsRequest->handle()
#29 /home/andersonarenas/Documentos/UAM/Ing Software 2/FacturaYa/vendor/laravel/framework/src/Illuminate/Pipeline/Pipeline.php(183): Illuminate\\Foundation\\Http\\Middleware\\TrimStrings->handle()
#30 /home/andersonarenas/Documentos/UAM/Ing Software 2/FacturaYa/vendor/laravel/framework/src/Illuminate/Http/Middleware/ValidatePostSize.php(27): Illuminate\\Pipeline\\Pipeline->Illuminate\\Pipeline\\{closure}()
#31 /home/andersonarenas/Documentos/UAM/Ing Software 2/FacturaYa/vendor/laravel/framework/src/Illuminate/Pipeline/Pipeline.php(183): Illuminate\\Http\\Middleware\\ValidatePostSize->handle()
#32 /home/andersonarenas/Documentos/UAM/Ing Software 2/FacturaYa/vendor/laravel/framework/src/Illuminate/Foundation/Http/Middleware/PreventRequestsDuringMaintenance.php(110): Illuminate\\Pipeline\\Pipeline->Illuminate\\Pipeline\\{closure}()
#33 /home/andersonarenas/Documentos/UAM/Ing Software 2/FacturaYa/vendor/laravel/framework/src/Illuminate/Pipeline/Pipeline.php(183): Illuminate\\Foundation\\Http\\Middleware\\PreventRequestsDuringMaintenance->handle()
#34 /home/andersonarenas/Documentos/UAM/Ing Software 2/FacturaYa/vendor/laravel/framework/src/Illuminate/Http/Middleware/HandleCors.php(49): Illuminate\\Pipeline\\Pipeline->Illuminate\\Pipeline\\{closure}()
#35 /home/andersonarenas/Documentos/UAM/Ing Software 2/FacturaYa/vendor/laravel/framework/src/Illuminate/Pipeline/Pipeline.php(183): Illuminate\\Http\\Middleware\\HandleCors->handle()
#36 /home/andersonarenas/Documentos/UAM/Ing Software 2/FacturaYa/vendor/laravel/framework/src/Illuminate/Http/Middleware/TrustProxies.php(58): Illuminate\\Pipeline\\Pipeline->Illuminate\\Pipeline\\{closure}()
#37 /home/andersonarenas/Documentos/UAM/Ing Software 2/FacturaYa/vendor/laravel/framework/src/Illuminate/Pipeline/Pipeline.php(183): Illuminate\\Http\\Middleware\\TrustProxies->handle()
#38 /home/andersonarenas/Documentos/UAM/Ing Software 2/FacturaYa/vendor/laravel/framework/src/Illuminate/Foundation/Http/Middleware/InvokeDeferredCallbacks.php(22): Illuminate\\Pipeline\\Pipeline->Illuminate\\Pipeline\\{closure}()
#39 /home/andersonarenas/Documentos/UAM/Ing Software 2/FacturaYa/vendor/laravel/framework/src/Illuminate/Pipeline/Pipeline.php(183): Illuminate\\Foundation\\Http\\Middleware\\InvokeDeferredCallbacks->handle()
#40 /home/andersonarenas/Documentos/UAM/Ing Software 2/FacturaYa/vendor/laravel/framework/src/Illuminate/Pipeline/Pipeline.php(119): Illuminate\\Pipeline\\Pipeline->Illuminate\\Pipeline\\{closure}()
#41 /home/andersonarenas/Documentos/UAM/Ing Software 2/FacturaYa/vendor/laravel/framework/src/Illuminate/Foundation/Http/Kernel.php(176): Illuminate\\Pipeline\\Pipeline->then()
#42 /home/andersonarenas/Documentos/UAM/Ing Software 2/FacturaYa/vendor/laravel/framework/src/Illuminate/Foundation/Http/Kernel.php(145): Illuminate\\Foundation\\Http\\Kernel->sendRequestThroughRouter()
#43 /home/andersonarenas/Documentos/UAM/Ing Software 2/FacturaYa/vendor/laravel/framework/src/Illuminate/Foundation/Application.php(1188): Illuminate\\Foundation\\Http\\Kernel->handle()
#44 /home/andersonarenas/Documentos/UAM/Ing Software 2/FacturaYa/public/index.php(17): Illuminate\\Foundation\\Application->handleRequest()
#45 /home/andersonarenas/Documentos/UAM/Ing Software 2/FacturaYa/vendor/laravel/framework/src/Illuminate/Foundation/resources/server.php(23): require_once('...')
#46 {main}
"} 
[2024-11-08 21:41:53] local.ERROR: View [dashboard] not found. {"exception":"[object] (InvalidArgumentException(code: 0): View [dashboard] not found. at /home/andersonarenas/Documentos/UAM/Ing Software 2/FacturaYa/vendor/laravel/framework/src/Illuminate/View/FileViewFinder.php:139)
[stacktrace]
#0 /home/andersonarenas/Documentos/UAM/Ing Software 2/FacturaYa/vendor/laravel/framework/src/Illuminate/View/FileViewFinder.php(79): Illuminate\\View\\FileViewFinder->findInPaths()
#1 /home/andersonarenas/Documentos/UAM/Ing Software 2/FacturaYa/vendor/laravel/framework/src/Illuminate/View/Factory.php(151): Illuminate\\View\\FileViewFinder->find()
#2 /home/andersonarenas/Documentos/UAM/Ing Software 2/FacturaYa/vendor/laravel/framework/src/Illuminate/Foundation/helpers.php(1062): Illuminate\\View\\Factory->make()
#3 /home/andersonarenas/Documentos/UAM/Ing Software 2/FacturaYa/app/Http/Controllers/DashboardController.php(30): view()
#4 /home/andersonarenas/Documentos/UAM/Ing Software 2/FacturaYa/vendor/laravel/framework/src/Illuminate/Routing/ControllerDispatcher.php(46): App\\Http\\Controllers\\DashboardController->index()
#5 /home/andersonarenas/Documentos/UAM/Ing Software 2/FacturaYa/vendor/laravel/framework/src/Illuminate/Routing/Route.php(264): Illuminate\\Routing\\ControllerDispatcher->dispatch()
#6 /home/andersonarenas/Documentos/UAM/Ing Software 2/FacturaYa/vendor/laravel/framework/src/Illuminate/Routing/Route.php(210): Illuminate\\Routing\\Route->runController()
#7 /home/andersonarenas/Documentos/UAM/Ing Software 2/FacturaYa/vendor/laravel/framework/src/Illuminate/Routing/Router.php(808): Illuminate\\Routing\\Route->run()
#8 /home/andersonarenas/Documentos/UAM/Ing Software 2/FacturaYa/vendor/laravel/framework/src/Illuminate/Pipeline/Pipeline.php(144): Illuminate\\Routing\\Router->Illuminate\\Routing\\{closure}()
#9 /home/andersonarenas/Documentos/UAM/Ing Software 2/FacturaYa/vendor/laravel/framework/src/Illuminate/Routing/Middleware/SubstituteBindings.php(51): Illuminate\\Pipeline\\Pipeline->Illuminate\\Pipeline\\{closure}()
#10 /home/andersonarenas/Documentos/UAM/Ing Software 2/FacturaYa/vendor/laravel/framework/src/Illuminate/Pipeline/Pipeline.php(183): Illuminate\\Routing\\Middleware\\SubstituteBindings->handle()
#11 /home/andersonarenas/Documentos/UAM/Ing Software 2/FacturaYa/vendor/laravel/framework/src/Illuminate/Foundation/Http/Middleware/VerifyCsrfToken.php(88): Illuminate\\Pipeline\\Pipeline->Illuminate\\Pipeline\\{closure}()
#12 /home/andersonarenas/Documentos/UAM/Ing Software 2/FacturaYa/vendor/laravel/framework/src/Illuminate/Pipeline/Pipeline.php(183): Illuminate\\Foundation\\Http\\Middleware\\VerifyCsrfToken->handle()
#13 /home/andersonarenas/Documentos/UAM/Ing Software 2/FacturaYa/vendor/laravel/framework/src/Illuminate/View/Middleware/ShareErrorsFromSession.php(49): Illuminate\\Pipeline\\Pipeline->Illuminate\\Pipeline\\{closure}()
#14 /home/andersonarenas/Documentos/UAM/Ing Software 2/FacturaYa/vendor/laravel/framework/src/Illuminate/Pipeline/Pipeline.php(183): Illuminate\\View\\Middleware\\ShareErrorsFromSession->handle()
#15 /home/andersonarenas/Documentos/UAM/Ing Software 2/FacturaYa/vendor/laravel/framework/src/Illuminate/Session/Middleware/StartSession.php(121): Illuminate\\Pipeline\\Pipeline->Illuminate\\Pipeline\\{closure}()
#16 /home/andersonarenas/Documentos/UAM/Ing Software 2/FacturaYa/vendor/laravel/framework/src/Illuminate/Session/Middleware/StartSession.php(64): Illuminate\\Session\\Middleware\\StartSession->handleStatefulRequest()
#17 /home/andersonarenas/Documentos/UAM/Ing Software 2/FacturaYa/vendor/laravel/framework/src/Illuminate/Pipeline/Pipeline.php(183): Illuminate\\Session\\Middleware\\StartSession->handle()
#18 /home/andersonarenas/Documentos/UAM/Ing Software 2/FacturaYa/vendor/laravel/framework/src/Illuminate/Cookie/Middleware/AddQueuedCookiesToResponse.php(37): Illuminate\\Pipeline\\Pipeline->Illuminate\\Pipeline\\{closure}()
#19 /home/andersonarenas/Documentos/UAM/Ing Software 2/FacturaYa/vendor/laravel/framework/src/Illuminate/Pipeline/Pipeline.php(183): Illuminate\\Cookie\\Middleware\\AddQueuedCookiesToResponse->handle()
#20 /home/andersonarenas/Documentos/UAM/Ing Software 2/FacturaYa/vendor/laravel/framework/src/Illuminate/Cookie/Middleware/EncryptCookies.php(75): Illuminate\\Pipeline\\Pipeline->Illuminate\\Pipeline\\{closure}()
#21 /home/andersonarenas/Documentos/UAM/Ing Software 2/FacturaYa/vendor/laravel/framework/src/Illuminate/Pipeline/Pipeline.php(183): Illuminate\\Cookie\\Middleware\\EncryptCookies->handle()
#22 /home/andersonarenas/Documentos/UAM/Ing Software 2/FacturaYa/vendor/laravel/framework/src/Illuminate/Pipeline/Pipeline.php(119): Illuminate\\Pipeline\\Pipeline->Illuminate\\Pipeline\\{closure}()
#23 /home/andersonarenas/Documentos/UAM/Ing Software 2/FacturaYa/vendor/laravel/framework/src/Illuminate/Routing/Router.php(807): Illuminate\\Pipeline\\Pipeline->then()
#24 /home/andersonarenas/Documentos/UAM/Ing Software 2/FacturaYa/vendor/laravel/framework/src/Illuminate/Routing/Router.php(786): Illuminate\\Routing\\Router->runRouteWithinStack()
#25 /home/andersonarenas/Documentos/UAM/Ing Software 2/FacturaYa/vendor/laravel/framework/src/Illuminate/Routing/Router.php(750): Illuminate\\Routing\\Router->runRoute()
#26 /home/andersonarenas/Documentos/UAM/Ing Software 2/FacturaYa/vendor/laravel/framework/src/Illuminate/Routing/Router.php(739): Illuminate\\Routing\\Router->dispatchToRoute()
#27 /home/andersonarenas/Documentos/UAM/Ing Software 2/FacturaYa/vendor/laravel/framework/src/Illuminate/Foundation/Http/Kernel.php(201): Illuminate\\Routing\\Router->dispatch()
#28 /home/andersonarenas/Documentos/UAM/Ing Software 2/FacturaYa/vendor/laravel/framework/src/Illuminate/Pipeline/Pipeline.php(144): Illuminate\\Foundation\\Http\\Kernel->Illuminate\\Foundation\\Http\\{closure}()
#29 /home/andersonarenas/Documentos/UAM/Ing Software 2/FacturaYa/vendor/laravel/framework/src/Illuminate/Foundation/Http/Middleware/TransformsRequest.php(21): Illuminate\\Pipeline\\Pipeline->Illuminate\\Pipeline\\{closure}()
#30 /home/andersonarenas/Documentos/UAM/Ing Software 2/FacturaYa/vendor/laravel/framework/src/Illuminate/Foundation/Http/Middleware/ConvertEmptyStringsToNull.php(31): Illuminate\\Foundation\\Http\\Middleware\\TransformsRequest->handle()
#31 /home/andersonarenas/Documentos/UAM/Ing Software 2/FacturaYa/vendor/laravel/framework/src/Illuminate/Pipeline/Pipeline.php(183): Illuminate\\Foundation\\Http\\Middleware\\ConvertEmptyStringsToNull->handle()
#32 /home/andersonarenas/Documentos/UAM/Ing Software 2/FacturaYa/vendor/laravel/framework/src/Illuminate/Foundation/Http/Middleware/TransformsRequest.php(21): Illuminate\\Pipeline\\Pipeline->Illuminate\\Pipeline\\{closure}()
#33 /home/andersonarenas/Documentos/UAM/Ing Software 2/FacturaYa/vendor/laravel/framework/src/Illuminate/Foundation/Http/Middleware/TrimStrings.php(51): Illuminate\\Foundation\\Http\\Middleware\\TransformsRequest->handle()
#34 /home/andersonarenas/Documentos/UAM/Ing Software 2/FacturaYa/vendor/laravel/framework/src/Illuminate/Pipeline/Pipeline.php(183): Illuminate\\Foundation\\Http\\Middleware\\TrimStrings->handle()
#35 /home/andersonarenas/Documentos/UAM/Ing Software 2/FacturaYa/vendor/laravel/framework/src/Illuminate/Http/Middleware/ValidatePostSize.php(27): Illuminate\\Pipeline\\Pipeline->Illuminate\\Pipeline\\{closure}()
#36 /home/andersonarenas/Documentos/UAM/Ing Software 2/FacturaYa/vendor/laravel/framework/src/Illuminate/Pipeline/Pipeline.php(183): Illuminate\\Http\\Middleware\\ValidatePostSize->handle()
#37 /home/andersonarenas/Documentos/UAM/Ing Software 2/FacturaYa/vendor/laravel/framework/src/Illuminate/Foundation/Http/Middleware/PreventRequestsDuringMaintenance.php(110): Illuminate\\Pipeline\\Pipeline->Illuminate\\Pipeline\\{closure}()
#38 /home/andersonarenas/Documentos/UAM/Ing Software 2/FacturaYa/vendor/laravel/framework/src/Illuminate/Pipeline/Pipeline.php(183): Illuminate\\Foundation\\Http\\Middleware\\PreventRequestsDuringMaintenance->handle()
#39 /home/andersonarenas/Documentos/UAM/Ing Software 2/FacturaYa/vendor/laravel/framework/src/Illuminate/Http/Middleware/HandleCors.php(49): Illuminate\\Pipeline\\Pipeline->Illuminate\\Pipeline\\{closure}()
#40 /home/andersonarenas/Documentos/UAM/Ing Software 2/FacturaYa/vendor/laravel/framework/src/Illuminate/Pipeline/Pipeline.php(183): Illuminate\\Http\\Middleware\\HandleCors->handle()
#41 /home/andersonarenas/Documentos/UAM/Ing Software 2/FacturaYa/vendor/laravel/framework/src/Illuminate/Http/Middleware/TrustProxies.php(58): Illuminate\\Pipeline\\Pipeline->Illuminate\\Pipeline\\{closure}()
#42 /home/andersonarenas/Documentos/UAM/Ing Software 2/FacturaYa/vendor/laravel/framework/src/Illuminate/Pipeline/Pipeline.php(183): Illuminate\\Http\\Middleware\\TrustProxies->handle()
#43 /home/andersonarenas/Documentos/UAM/Ing Software 2/FacturaYa/vendor/laravel/framework/src/Illuminate/Foundation/Http/Middleware/InvokeDeferredCallbacks.php(22): Illuminate\\Pipeline\\Pipeline->Illuminate\\Pipeline\\{closure}()
#44 /home/andersonarenas/Documentos/UAM/Ing Software 2/FacturaYa/vendor/laravel/framework/src/Illuminate/Pipeline/Pipeline.php(183): Illuminate\\Foundation\\Http\\Middleware\\InvokeDeferredCallbacks->handle()
#45 /home/andersonarenas/Documentos/UAM/Ing Software 2/FacturaYa/vendor/laravel/framework/src/Illuminate/Pipeline/Pipeline.php(119): Illuminate\\Pipeline\\Pipeline->Illuminate\\Pipeline\\{closure}()
#46 /home/andersonarenas/Documentos/UAM/Ing Software 2/FacturaYa/vendor/laravel/framework/src/Illuminate/Foundation/Http/Kernel.php(176): Illuminate\\Pipeline\\Pipeline->then()
#47 /home/andersonarenas/Documentos/UAM/Ing Software 2/FacturaYa/vendor/laravel/framework/src/Illuminate/Foundation/Http/Kernel.php(145): Illuminate\\Foundation\\Http\\Kernel->sendRequestThroughRouter()
#48 /home/andersonarenas/Documentos/UAM/Ing Software 2/FacturaYa/vendor/laravel/framework/src/Illuminate/Foundation/Application.php(1188): Illuminate\\Foundation\\Http\\Kernel->handle()
#49 /home/andersonarenas/Documentos/UAM/Ing Software 2/FacturaYa/public/index.php(17): Illuminate\\Foundation\\Application->handleRequest()
#50 /home/andersonarenas/Documentos/UAM/Ing Software 2/FacturaYa/vendor/laravel/framework/src/Illuminate/Foundation/resources/server.php(23): require_once('...')
#51 {main}
"} 
